<?xml version="1.0" encoding="UTF-8"?>
<testng-results ignored="0" total="4" passed="4" failed="0" skipped="0">
  <reporter-output>
  </reporter-output>
  <suite started-at="2021-02-24T04:36:19Z" name="Default suite" finished-at="2021-02-24T04:36:20Z" duration-ms="168">
    <groups>
    </groups>
    <test started-at="2021-02-24T04:36:19Z" name="Default test" finished-at="2021-02-24T04:36:20Z" duration-ms="168">
      <class name="JavaLambada">
        <test-method signature="regular()[pri:0, instance:JavaLambada@7c711375]" started-at="2021-02-24T04:36:19Z" name="regular" finished-at="2021-02-24T04:36:19Z" duration-ms="16" status="PASS">
          <reporter-output>
          </reporter-output>
        </test-method> <!-- regular -->
        <test-method signature="streamCollect()[pri:0, instance:JavaLambada@7c711375]" started-at="2021-02-24T04:36:20Z" name="streamCollect" finished-at="2021-02-24T04:36:20Z" duration-ms="10" status="PASS">
          <reporter-output>
          </reporter-output>
        </test-method> <!-- streamCollect -->
        <test-method signature="streamFilter()[pri:0, instance:JavaLambada@7c711375]" started-at="2021-02-24T04:36:20Z" name="streamFilter" finished-at="2021-02-24T04:36:20Z" duration-ms="7" status="PASS">
          <reporter-output>
          </reporter-output>
        </test-method> <!-- streamFilter -->
        <test-method signature="streamMap()[pri:0, instance:JavaLambada@7c711375]" started-at="2021-02-24T04:36:20Z" name="streamMap" finished-at="2021-02-24T04:36:20Z" duration-ms="36" status="PASS">
          <reporter-output>
          </reporter-output>
        </test-method> <!-- streamMap -->
      </class> <!-- JavaLambada -->
    </test> <!-- Default test -->
  </suite> <!-- Default suite -->
</testng-results>
