<?xml version="1.0" encoding="UTF-8"?>
<testng-results ignored="0" total="3" passed="3" failed="0" skipped="0">
  <reporter-output>
  </reporter-output>
  <suite started-at="2021-02-24T03:56:40Z" name="Default suite" finished-at="2021-02-24T03:56:40Z" duration-ms="140">
    <groups>
    </groups>
    <test started-at="2021-02-24T03:56:40Z" name="Default test" finished-at="2021-02-24T03:56:40Z" duration-ms="140">
      <class name="JavaLambada">
        <test-method signature="regular()[pri:0, instance:JavaLambada@5a56cdac]" started-at="2021-02-24T03:56:40Z" name="regular" finished-at="2021-02-24T03:56:40Z" duration-ms="39" status="PASS">
          <reporter-output>
          </reporter-output>
        </test-method> <!-- regular -->
        <test-method signature="streamFilter()[pri:0, instance:JavaLambada@5a56cdac]" started-at="2021-02-24T03:56:40Z" name="streamFilter" finished-at="2021-02-24T03:56:40Z" duration-ms="7" status="PASS">
          <reporter-output>
          </reporter-output>
        </test-method> <!-- streamFilter -->
        <test-method signature="streamMap()[pri:0, instance:JavaLambada@5a56cdac]" started-at="2021-02-24T03:56:40Z" name="streamMap" finished-at="2021-02-24T03:56:40Z" duration-ms="5" status="PASS">
          <reporter-output>
          </reporter-output>
        </test-method> <!-- streamMap -->
      </class> <!-- JavaLambada -->
    </test> <!-- Default test -->
  </suite> <!-- Default suite -->
</testng-results>
