<?xml version="1.0" encoding="UTF-8"?>
<!-- Generated by org.testng.reporters.JUnitXMLReporter -->
<testsuite ignored="0" hostname="Prashants-MacBook-Air.local" failures="0" tests="3" name="Default test" time="0.14" errors="0" timestamp="24 Feb. 2021 03:56:41 GMT">
  <testcase classname="JavaLambada" name="regular" time="0.039"/>
  <testcase classname="JavaLambada" name="streamFilter" time="0.007"/>
  <testcase classname="JavaLambada" name="streamMap" time="0.005"/>
</testsuite> <!-- Default test -->
