<?xml version="1.0" encoding="UTF-8"?>
<!-- Generated by org.testng.reporters.JUnitXMLReporter -->
<testsuite ignored="0" hostname="Prashants-MacBook-Air.local" failures="0" tests="4" name="Default test" time="0.168" errors="0" timestamp="24 Feb. 2021 04:36:20 GMT">
  <testcase classname="JavaLambada" name="regular" time="0.016"/>
  <testcase classname="JavaLambada" name="streamCollect" time="0.01"/>
  <testcase classname="JavaLambada" name="streamFilter" time="0.007"/>
  <testcase classname="JavaLambada" name="streamMap" time="0.036"/>
</testsuite> <!-- Default test -->
